<?xml version="1.0" encoding="UTF-8"?>
<testsuite xmlns:xsi="http://www.w3.org/2001/XMLSchema-instance" xsi:noNamespaceSchemaLocation="https://maven.apache.org/surefire/maven-surefire-plugin/xsd/surefire-test-report-3.0.xsd" version="3.0" name="com.dealership.service.AuthServiceTest" time="3.358" tests="4" errors="0" skipped="0" failures="0">
  <properties>
[...]
</properties>
  <testcase name="login_ThrowsUnauthorizedException_ForInvalidPassword" classname="com.dealership.service.AuthServiceTest" time="3.171">
    <system-err><![CDATA[WARNING: A Java agent has been loaded dynamically (C:\Users\princ\.m2\repository\net\bytebuddy\byte-buddy-agent\1.14.17\byte-buddy-agent-1.14.17.jar)
WARNING: If a serviceability tool is in use, please run with -XX:+EnableDynamicAgentLoading to hide this warning
WARNING: If a serviceability tool is not in use, please run with -Djdk.instrument.traceUsage for more information
WARNING: Dynamic loading of agents will be disallowed by default in a future release
]]></system-err>
  </testcase>
  <testcase name="login_Success" classname="com.dealership.service.AuthServiceTest" time="0.038"/>
  <testcase name="register_ThrowsConflictException_ForDuplicateEmail" classname="com.dealership.service.AuthServiceTest" time="0.045"/>
  <testcase name="register_Success" classname="com.dealership.service.AuthServiceTest" time="0.022"/>
</testsuite>